This file contains any messages produced by compilers while
running configure, to aid debugging if configure makes a mistake.

It was created by placeh core configure 2.0.26, which was
generated by GNU Autoconf 2.69.  Invocation command line was

  $ ./configure CC=C:/git/repo/placeh/nbproject/private/tools/localhost/None/ CXX=C:/git/repo/placeh/nbproject/private/tools/localhost/None/ CFLAGS=-g3 -gdwarf-2 CXXFLAGS=-g3 -gdwarf-2

## --------- ##
## Platform. ##
## --------- ##

hostname = DESKTOP-M1AB62M
uname -m = x86_64
uname -r = 2.10.0(0.325/5/3)
uname -s = CYGWIN_NT-10.0
uname -v = 2018-02-02 15:16

/usr/bin/uname -p = unknown
/bin/uname -X     = unknown

/bin/arch              = x86_64
/usr/bin/arch -k       = unknown
/usr/convex/getsysinfo = unknown
/usr/bin/hostinfo      = unknown
/bin/machine           = unknown
/usr/bin/oslevel       = unknown
/bin/universe          = unknown

PATH: /cygdrive/c/git/repo/placeh/nbproject/private/tools/localhost/None
PATH: /usr/bin
PATH: /cygdrive/c/Program Files (x86)/Common Files/Oracle/Java/javapath
PATH: /cygdrive/c/ProgramData/Oracle/Java/javapath
PATH: /cygdrive/c/Windows/system32
PATH: /cygdrive/c/Windows
PATH: /cygdrive/c/Windows/System32/Wbem
PATH: /cygdrive/c/Windows/System32/WindowsPowerShell/v1.0
PATH: /cygdrive/c/Program Files (x86)/NVIDIA Corporation/PhysX/Common
PATH: /cygdrive/c/Program Files/MySQL/MySQL Utilities 1.6
PATH: /cygdrive/c/Program Files (x86)/PuTTY
PATH: /cygdrive/c/Program Files/Git/cmd
PATH: /cygdrive/c/Program Files/nodejs
PATH: /cygdrive/c/Program Files (x86)/Yarn/bin
PATH: /cygdrive/c/Program Files (x86)/Windows Kits/8.1/Windows Performance Toolkit
PATH: /cygdrive/c/Program Files/PowerShell/6.1.0-preview.1
PATH: /cygdrive/c/Program Files/Java/jdk1.8.0_161/bin
PATH: /cygdrive/c/gradle-4.9/bin
PATH: /cygdrive/c/Users/David/scoop/apps/yarn/current/Yarn/bin
PATH: /cygdrive/c/Users/David/scoop/apps/yarn/current/bin
PATH: /cygdrive/c/Users/David/scoop/shims
PATH: /cygdrive/c/Users/David/AppData/Local/Programs/Python/Python36-32/Scripts
PATH: /cygdrive/c/Users/David/AppData/Local/Programs/Python/Python36-32
PATH: /cygdrive/c/Users/David/AppData/Local/Microsoft/WindowsApps
PATH: /cygdrive/c/Users/David/AppData/Roaming/npm
PATH: /cygdrive/c/Program Files/Java/jdk1.8.0_161


## ----------- ##
## Core tests. ##
## ----------- ##

configure:3018: checking build system type
configure:3032: result: x86_64-unknown-cygwin
configure:3052: checking host system type
configure:3065: result: x86_64-unknown-cygwin
configure:3108: checking for a BSD-compatible install
configure:3176: result: /usr/bin/install -c
configure:3187: checking whether build environment is sane
configure:3242: result: yes
configure:3393: checking for a thread-safe mkdir -p
configure:3432: result: /usr/bin/mkdir -p
configure:3439: checking for gawk
configure:3455: found /usr/bin/gawk
configure:3466: result: gawk
configure:3477: checking whether make sets $(MAKE)
configure:3503: result: no
configure:3528: checking whether make supports nested variables
configure:3545: result: no
configure:3664: checking whether to enable maintainer-specific portions of Makefiles
configure:3673: result: yes
configure:3698: checking whether make supports nested variables
configure:3715: result: no
configure:3844: checking for C++ compiler version
configure:3853: C:/git/repo/placeh/nbproject/private/tools/localhost/None/ --version >&5
./configure: line 3855: C:/git/repo/placeh/nbproject/private/tools/localhost/None/: Is a directory
configure:3864: $? = 126
configure:3853: C:/git/repo/placeh/nbproject/private/tools/localhost/None/ -v >&5
./configure: line 3855: C:/git/repo/placeh/nbproject/private/tools/localhost/None/: Is a directory
configure:3864: $? = 126
configure:3853: C:/git/repo/placeh/nbproject/private/tools/localhost/None/ -V >&5
./configure: line 3855: C:/git/repo/placeh/nbproject/private/tools/localhost/None/: Is a directory
configure:3864: $? = 126
configure:3853: C:/git/repo/placeh/nbproject/private/tools/localhost/None/ -qversion >&5
./configure: line 3855: C:/git/repo/placeh/nbproject/private/tools/localhost/None/: Is a directory
configure:3864: $? = 126
configure:3884: checking whether the C++ compiler works
configure:3906: C:/git/repo/placeh/nbproject/private/tools/localhost/None/ -g3 -gdwarf-2   conftest.cpp  >&5
./configure: line 3908: C:/git/repo/placeh/nbproject/private/tools/localhost/None/: Is a directory
configure:3910: $? = 126
configure:3948: result: no
configure: failed program was:
| /* confdefs.h */
| #define PACKAGE_NAME "placeh core"
| #define PACKAGE_TARNAME "placeh"
| #define PACKAGE_VERSION "2.0.26"
| #define PACKAGE_STRING "placeh core 2.0.26"
| #define PACKAGE_BUGREPORT "https://github.com/xagau/placeh/issues"
| #define PACKAGE_URL "https://placeh.io/"
| /* end confdefs.h.  */
| 
| int
| main ()
| {
| 
|   ;
|   return 0;
| }
configure:3953: error: in `/cygdrive/c/git/repo/placeh':
configure:3955: error: C++ compiler cannot create executables
See `config.log' for more details

## ---------------- ##
## Cache variables. ##
## ---------------- ##

ac_cv_build=x86_64-unknown-cygwin
ac_cv_env_ARFLAGS_set=
ac_cv_env_ARFLAGS_value=
ac_cv_env_BDB_CFLAGS_set=
ac_cv_env_BDB_CFLAGS_value=
ac_cv_env_BDB_LIBS_set=
ac_cv_env_BDB_LIBS_value=
ac_cv_env_CCC_set=
ac_cv_env_CCC_value=
ac_cv_env_CC_set=set
ac_cv_env_CC_value=C:/git/repo/placeh/nbproject/private/tools/localhost/None/
ac_cv_env_CFLAGS_set=set
ac_cv_env_CFLAGS_value='-g3 -gdwarf-2'
ac_cv_env_CPPFLAGS_set=
ac_cv_env_CPPFLAGS_value=
ac_cv_env_CPP_set=
ac_cv_env_CPP_value=
ac_cv_env_CRYPTO_CFLAGS_set=
ac_cv_env_CRYPTO_CFLAGS_value=
ac_cv_env_CRYPTO_LIBS_set=
ac_cv_env_CRYPTO_LIBS_value=
ac_cv_env_CXXCPP_set=
ac_cv_env_CXXCPP_value=
ac_cv_env_CXXFLAGS_set=set
ac_cv_env_CXXFLAGS_value='-g3 -gdwarf-2'
ac_cv_env_CXX_set=set
ac_cv_env_CXX_value=C:/git/repo/placeh/nbproject/private/tools/localhost/None/
ac_cv_env_EVENT_CFLAGS_set=
ac_cv_env_EVENT_CFLAGS_value=
ac_cv_env_EVENT_LIBS_set=
ac_cv_env_EVENT_LIBS_value=
ac_cv_env_EVENT_PTHREADS_CFLAGS_set=
ac_cv_env_EVENT_PTHREADS_CFLAGS_value=
ac_cv_env_EVENT_PTHREADS_LIBS_set=
ac_cv_env_EVENT_PTHREADS_LIBS_value=
ac_cv_env_LDFLAGS_set=
ac_cv_env_LDFLAGS_value=
ac_cv_env_LIBS_set=
ac_cv_env_LIBS_value=
ac_cv_env_LT_SYS_LIBRARY_PATH_set=
ac_cv_env_LT_SYS_LIBRARY_PATH_value=
ac_cv_env_OBJCXXFLAGS_set=
ac_cv_env_OBJCXXFLAGS_value=
ac_cv_env_OBJCXX_set=
ac_cv_env_OBJCXX_value=
ac_cv_env_PKG_CONFIG_LIBDIR_set=
ac_cv_env_PKG_CONFIG_LIBDIR_value=
ac_cv_env_PKG_CONFIG_PATH_set=
ac_cv_env_PKG_CONFIG_PATH_value=
ac_cv_env_PKG_CONFIG_set=
ac_cv_env_PKG_CONFIG_value=
ac_cv_env_PROTOBUF_CFLAGS_set=
ac_cv_env_PROTOBUF_CFLAGS_value=
ac_cv_env_PROTOBUF_LIBS_set=
ac_cv_env_PROTOBUF_LIBS_value=
ac_cv_env_PYTHONPATH_set=
ac_cv_env_PYTHONPATH_value=
ac_cv_env_QR_CFLAGS_set=
ac_cv_env_QR_CFLAGS_value=
ac_cv_env_QR_LIBS_set=
ac_cv_env_QR_LIBS_value=
ac_cv_env_QT4_CFLAGS_set=
ac_cv_env_QT4_CFLAGS_value=
ac_cv_env_QT4_LIBS_set=
ac_cv_env_QT4_LIBS_value=
ac_cv_env_QT5_CFLAGS_set=
ac_cv_env_QT5_CFLAGS_value=
ac_cv_env_QT5_LIBS_set=
ac_cv_env_QT5_LIBS_value=
ac_cv_env_QTPLATFORM_CFLAGS_set=
ac_cv_env_QTPLATFORM_CFLAGS_value=
ac_cv_env_QTPLATFORM_LIBS_set=
ac_cv_env_QTPLATFORM_LIBS_value=
ac_cv_env_QTPRINT_CFLAGS_set=
ac_cv_env_QTPRINT_CFLAGS_value=
ac_cv_env_QTPRINT_LIBS_set=
ac_cv_env_QTPRINT_LIBS_value=
ac_cv_env_QTXCBQPA_CFLAGS_set=
ac_cv_env_QTXCBQPA_CFLAGS_value=
ac_cv_env_QTXCBQPA_LIBS_set=
ac_cv_env_QTXCBQPA_LIBS_value=
ac_cv_env_QT_DBUS_CFLAGS_set=
ac_cv_env_QT_DBUS_CFLAGS_value=
ac_cv_env_QT_DBUS_LIBS_set=
ac_cv_env_QT_DBUS_LIBS_value=
ac_cv_env_QT_TEST_CFLAGS_set=
ac_cv_env_QT_TEST_CFLAGS_value=
ac_cv_env_QT_TEST_LIBS_set=
ac_cv_env_QT_TEST_LIBS_value=
ac_cv_env_SSL_CFLAGS_set=
ac_cv_env_SSL_CFLAGS_value=
ac_cv_env_SSL_LIBS_set=
ac_cv_env_SSL_LIBS_value=
ac_cv_env_UNIVALUE_CFLAGS_set=
ac_cv_env_UNIVALUE_CFLAGS_value=
ac_cv_env_UNIVALUE_LIBS_set=
ac_cv_env_UNIVALUE_LIBS_value=
ac_cv_env_X11XCB_CFLAGS_set=
ac_cv_env_X11XCB_CFLAGS_value=
ac_cv_env_X11XCB_LIBS_set=
ac_cv_env_X11XCB_LIBS_value=
ac_cv_env_ZMQ_CFLAGS_set=
ac_cv_env_ZMQ_CFLAGS_value=
ac_cv_env_ZMQ_LIBS_set=
ac_cv_env_ZMQ_LIBS_value=
ac_cv_env_build_alias_set=
ac_cv_env_build_alias_value=
ac_cv_env_host_alias_set=
ac_cv_env_host_alias_value=
ac_cv_env_target_alias_set=
ac_cv_env_target_alias_value=
ac_cv_host=x86_64-unknown-cygwin
ac_cv_path_install='/usr/bin/install -c'
ac_cv_path_mkdir=/usr/bin/mkdir
ac_cv_prog_AWK=gawk
ac_cv_prog_make_make_set=no
am_cv_make_support_nested_variables=no

## ----------------- ##
## Output variables. ##
## ----------------- ##

ACLOCAL='${SHELL} /cygdrive/c/git/repo/placeh/build-aux/missing aclocal-1.15'
AMDEPBACKSLASH=''
AMDEP_FALSE=''
AMDEP_TRUE=''
AMTAR='$${TAR-tar}'
AM_BACKSLASH='\'
AM_DEFAULT_V='0'
AM_DEFAULT_VERBOSITY='0'
AM_V='0'
AR=''
ARFLAGS='cr'
AUTOCONF='${SHELL} /cygdrive/c/git/repo/placeh/build-aux/missing autoconf'
AUTOHEADER='${SHELL} /cygdrive/c/git/repo/placeh/build-aux/missing autoheader'
AUTOMAKE='${SHELL} /cygdrive/c/git/repo/placeh/build-aux/missing automake-1.15'
AWK='gawk'
BDB_CFLAGS=''
BDB_CPPFLAGS=''
BDB_LIBS=''
BOOST_CHRONO_LIB=''
BOOST_CPPFLAGS=''
BOOST_FILESYSTEM_LIB=''
BOOST_LDFLAGS=''
BOOST_LIBS=''
BOOST_PROGRAM_OPTIONS_LIB=''
BOOST_SYSTEM_LIB=''
BOOST_THREAD_LIB=''
BOOST_UNIT_TEST_FRAMEWORK_LIB=''
BREW=''
BUILD_DARWIN_FALSE=''
BUILD_DARWIN_TRUE=''
BUILD_PLACEHD_FALSE=''
BUILD_PLACEHD_TRUE=''
BUILD_PLACEH_LIBS_FALSE=''
BUILD_PLACEH_LIBS_TRUE=''
BUILD_PLACEH_UTILS_FALSE=''
BUILD_PLACEH_UTILS_TRUE=''
CC='C:/git/repo/placeh/nbproject/private/tools/localhost/None/'
CCACHE=''
CCDEPMODE=''
CFLAGS='-g3 -gdwarf-2'
CLIENT_VERSION_BUILD=''
CLIENT_VERSION_IS_RELEASE=''
CLIENT_VERSION_MAJOR=''
CLIENT_VERSION_MINOR=''
CLIENT_VERSION_REVISION=''
COPYRIGHT_HOLDERS=''
COPYRIGHT_HOLDERS_FINAL=''
COPYRIGHT_HOLDERS_SUBSTITUTION=''
COPYRIGHT_YEAR=''
CPP=''
CPPFILT=''
CPPFLAGS=''
CRYPTO_CFLAGS=''
CRYPTO_LIBS=''
CXX='C:/git/repo/placeh/nbproject/private/tools/localhost/None/'
CXXCPP=''
CXXDEPMODE=''
CXXFLAGS='-g3 -gdwarf-2'
CYGPATH_W='cygpath -w'
DEFS=''
DEPDIR=''
DLLTOOL=''
DSYMUTIL=''
DUMPBIN=''
ECHO_C=''
ECHO_N='-n'
ECHO_T=''
EGREP=''
EMBEDDED_LEVELDB_FALSE=''
EMBEDDED_LEVELDB_TRUE=''
EMBEDDED_UNIVALUE_FALSE=''
EMBEDDED_UNIVALUE_TRUE=''
ENABLE_BENCH_FALSE=''
ENABLE_BENCH_TRUE=''
ENABLE_HWCRC32_FALSE=''
ENABLE_HWCRC32_TRUE=''
ENABLE_MAN_FALSE=''
ENABLE_MAN_TRUE=''
ENABLE_QT_FALSE=''
ENABLE_QT_TESTS_FALSE=''
ENABLE_QT_TESTS_TRUE=''
ENABLE_QT_TRUE=''
ENABLE_TESTS_FALSE=''
ENABLE_TESTS_TRUE=''
ENABLE_WALLET_FALSE=''
ENABLE_WALLET_TRUE=''
ENABLE_ZMQ_FALSE=''
ENABLE_ZMQ_TRUE=''
ERROR_CXXFLAGS=''
EVENT_CFLAGS=''
EVENT_LIBS=''
EVENT_PTHREADS_CFLAGS=''
EVENT_PTHREADS_LIBS=''
EXEEXT=''
EXPERIMENTAL_ASM_FALSE=''
EXPERIMENTAL_ASM_TRUE=''
EXTENDED_FUNCTIONAL_TESTS=''
FGREP=''
GCOV=''
GENHTML=''
GENISOIMAGE=''
GIT=''
GLIBC_BACK_COMPAT_FALSE=''
GLIBC_BACK_COMPAT_TRUE=''
GREP=''
HARDENED_CPPFLAGS=''
HARDENED_CXXFLAGS=''
HARDENED_LDFLAGS=''
HARDEN_FALSE=''
HARDEN_TRUE=''
HAVE_CXX11=''
HEXDUMP=''
IMAGEMAGICK_CONVERT=''
INSTALLNAMETOOL=''
INSTALL_DATA='${INSTALL} -m 644'
INSTALL_PROGRAM='${INSTALL}'
INSTALL_SCRIPT='${INSTALL}'
INSTALL_STRIP_PROGRAM='$(install_sh) -c -s'
LCOV=''
LCOV_OPTS=''
LD=''
LDFLAGS=''
LEVELDB_CPPFLAGS=''
LEVELDB_TARGET_FLAGS=''
LIBLEVELDB=''
LIBMEMENV=''
LIBOBJS=''
LIBS=''
LIBTOOL=''
LIBTOOL_APP_LDFLAGS=''
LIPO=''
LN_S=''
LRELEASE=''
LTLIBOBJS=''
LT_SYS_LIBRARY_PATH=''
LUPDATE=''
MAINT=''
MAINTAINER_MODE_FALSE='#'
MAINTAINER_MODE_TRUE=''
MAKEINFO='${SHELL} /cygdrive/c/git/repo/placeh/build-aux/missing makeinfo'
MAKENSIS=''
MANIFEST_TOOL=''
MINIUPNPC_CPPFLAGS=''
MINIUPNPC_LIBS=''
MKDIR_P='/usr/bin/mkdir -p'
MOC=''
MOC_DEFS=''
NM=''
NMEDIT=''
OBJCOPY=''
OBJCXX=''
OBJCXXDEPMODE=''
OBJCXXFLAGS=''
OBJDUMP=''
OBJEXT=''
OTOOL64=''
OTOOL=''
PACKAGE='placeh'
PACKAGE_BUGREPORT='https://github.com/xagau/placeh/issues'
PACKAGE_NAME='placeh core'
PACKAGE_STRING='placeh core 2.0.26'
PACKAGE_TARNAME='placeh'
PACKAGE_URL='https://placeh.io/'
PACKAGE_VERSION='2.0.26'
PATH_SEPARATOR=':'
PIC_FLAGS=''
PIE_FLAGS=''
PKG_CONFIG=''
PKG_CONFIG_LIBDIR=''
PKG_CONFIG_PATH=''
PLACEH_CLI_NAME='placeh-cli'
PLACEH_DAEMON_NAME='placehd'
PLACEH_GUI_NAME='placeh-qt'
PLACEH_TX_NAME='placeh-tx'
PORT=''
PROTOBUF_CFLAGS=''
PROTOBUF_LIBS=''
PROTOC=''
PTHREAD_CC=''
PTHREAD_CFLAGS=''
PTHREAD_LIBS=''
PYTHON='C:\Users\David\AppData\Local\Programs\Python\Python36-32\python.exe'
PYTHONPATH=''
QR_CFLAGS=''
QR_LIBS=''
QT4_CFLAGS=''
QT4_LIBS=''
QT5_CFLAGS=''
QT5_LIBS=''
QTPLATFORM_CFLAGS=''
QTPLATFORM_LIBS=''
QTPRINT_CFLAGS=''
QTPRINT_LIBS=''
QTXCBQPA_CFLAGS=''
QTXCBQPA_LIBS=''
QT_DBUS_CFLAGS=''
QT_DBUS_INCLUDES=''
QT_DBUS_LIBS=''
QT_INCLUDES=''
QT_LDFLAGS=''
QT_LIBS=''
QT_PIE_FLAGS=''
QT_SELECT=''
QT_TEST_CFLAGS=''
QT_TEST_INCLUDES=''
QT_TEST_LIBS=''
QT_TRANSLATION_DIR=''
RANLIB=''
RCC=''
READELF=''
RELDFLAGS=''
RSVG_CONVERT=''
SED=''
SET_MAKE='MAKE=make'
SHELL='/bin/sh'
SSE42_CXXFLAGS=''
SSL_CFLAGS=''
SSL_LIBS=''
STRIP=''
TARGET_DARWIN_FALSE=''
TARGET_DARWIN_TRUE=''
TARGET_WINDOWS_FALSE=''
TARGET_WINDOWS_TRUE=''
TESTDEFS=''
TIFFCP=''
UIC=''
UNIVALUE_CFLAGS=''
UNIVALUE_LIBS=''
USE_LCOV_FALSE=''
USE_LCOV_TRUE=''
USE_QRCODE=''
USE_QRCODE_FALSE=''
USE_QRCODE_TRUE=''
USE_UPNP=''
VERSION='2.0.26'
WINDOWS_BITS=''
WINDRES=''
X11XCB_CFLAGS=''
X11XCB_LIBS=''
XGETTEXT=''
ZMQ_CFLAGS=''
ZMQ_LIBS=''
ac_ct_AR=''
ac_ct_CC=''
ac_ct_CXX=''
ac_ct_DUMPBIN=''
ac_ct_OBJCXX=''
am__EXEEXT_FALSE=''
am__EXEEXT_TRUE=''
am__fastdepCC_FALSE=''
am__fastdepCC_TRUE=''
am__fastdepCXX_FALSE=''
am__fastdepCXX_TRUE=''
am__fastdepOBJCXX_FALSE=''
am__fastdepOBJCXX_TRUE=''
am__include=''
am__isrc=''
am__leading_dot='.'
am__nodep=''
am__quote=''
am__tar='$${TAR-tar} chof - "$$tardir"'
am__untar='$${TAR-tar} xf -'
ax_pthread_config=''
bindir='${exec_prefix}/bin'
build='x86_64-unknown-cygwin'
build_alias=''
build_cpu='x86_64'
build_os='cygwin'
build_vendor='unknown'
datadir='${datarootdir}'
datarootdir='${prefix}/share'
docdir='${datarootdir}/doc/${PACKAGE_TARNAME}'
dvidir='${docdir}'
exec_prefix='NONE'
host='x86_64-unknown-cygwin'
host_alias=''
host_cpu='x86_64'
host_os='cygwin'
host_vendor='unknown'
htmldir='${docdir}'
includedir='${prefix}/include'
infodir='${datarootdir}/info'
install_sh='${SHELL} /cygdrive/c/git/repo/placeh/build-aux/install-sh'
libdir='${exec_prefix}/lib'
libexecdir='${exec_prefix}/libexec'
localedir='${datarootdir}/locale'
localstatedir='${prefix}/var'
mandir='${datarootdir}/man'
mkdir_p='$(MKDIR_P)'
oldincludedir='/usr/include'
pdfdir='${docdir}'
prefix='NONE'
program_transform_name='s,x,x,'
psdir='${docdir}'
runstatedir='${localstatedir}/run'
sbindir='${exec_prefix}/sbin'
sharedstatedir='${prefix}/com'
subdirs=''
sysconfdir='${prefix}/etc'
target_alias=''

## ----------- ##
## confdefs.h. ##
## ----------- ##

/* confdefs.h */
#define PACKAGE_NAME "placeh core"
#define PACKAGE_TARNAME "placeh"
#define PACKAGE_VERSION "2.0.26"
#define PACKAGE_STRING "placeh core 2.0.26"
#define PACKAGE_BUGREPORT "https://github.com/xagau/placeh/issues"
#define PACKAGE_URL "https://placeh.io/"

configure: exit 77
