This file contains any messages produced by compilers while
running configure, to aid debugging if configure makes a mistake.

It was created by univalue configure 1.0.2, which was
generated by GNU Autoconf 2.69.  Invocation command line was

  $ ./configure --disable-option-checking --prefix=/ --disable-shared --with-pic --with-bignum=no --enable-module-recovery --disable-jni --cache-file=/dev/null --srcdir=.

## --------- ##
## Platform. ##
## --------- ##

hostname = DESKTOP-M1AB62M
uname -m = x86_64
uname -r = 4.4.0-43-Microsoft
uname -s = Linux
uname -v = #1-Microsoft Wed Dec 31 14:42:53 PST 2014

/usr/bin/uname -p = unknown
/bin/uname -X     = unknown

/bin/arch              = unknown
/usr/bin/arch -k       = unknown
/usr/convex/getsysinfo = unknown
/usr/bin/hostinfo      = unknown
/bin/machine           = unknown
/usr/bin/oslevel       = unknown
/bin/universe          = unknown

PATH: /mnt/c/git/repo/placeh/depends/i686-w64-mingw32/share/../native/bin
PATH: /usr/local/sbin
PATH: /usr/local/bin
PATH: /usr/sbin
PATH: /usr/bin
PATH: /sbin
PATH: /bin
PATH: /snap/bin


## ----------- ##
## Core tests. ##
## ----------- ##

configure:2178: loading site script /mnt/c/git/repo/placeh/depends/i686-w64-mingw32/share/config.site
| depends_prefix="`dirname ${ac_site_file}`/.."
| 
| cross_compiling=maybe
| host_alias=i686-w64-mingw32
| ac_tool_prefix=${host_alias}-
| 
| if test -z $with_boost; then
|   with_boost=$depends_prefix
| fi
| if test -z $with_qt_plugindir; then
|   with_qt_plugindir=$depends_prefix/plugins
| fi
| if test -z $with_qt_translationdir; then
|   with_qt_translationdir=$depends_prefix/translations
| fi
| if test -z $with_qt_bindir && test -z ""; then
|   with_qt_bindir=$depends_prefix/native/bin
| fi
| if test -z $with_protoc_bindir && test -z ""; then
|   with_protoc_bindir=$depends_prefix/native/bin
| fi
| 
| 
| if test -z $enable_wallet && test -n ""; then
|   enable_wallet=no
| fi
| 
| if test -z $with_miniupnpc && test -n ""; then
|   with_miniupnpc=no
| fi
| 
| if test -z $with_gui && test -n ""; then
|   with_gui=no
| fi
| 
| if test xmingw32 = xdarwin; then
|   BREW=no
|   PORT=no
| fi
| 
| if test xmingw32 = xmingw32; then
|   if test -z $with_qt_incdir; then
|     with_qt_incdir=$depends_prefix/include
|   fi
|   if test -z $with_qt_libdir; then
|     with_qt_libdir=$depends_prefix/lib
|   fi
| fi
| 
| PATH=$depends_prefix/native/bin:$PATH
| PKG_CONFIG="`which pkg-config` --static"
| 
| # These two need to remain exported because pkg-config does not see them
| # otherwise. That means they must be unexported at the end of configure.ac to
| # avoid ruining the cache. Sigh.
| export PKG_CONFIG_PATH=$depends_prefix/share/pkgconfig:$depends_prefix/lib/pkgconfig
| if test -z ""; then
|   export PKGCONFIG_LIBDIR=
| fi
| 
| CPPFLAGS="-I$depends_prefix/include/ $CPPFLAGS"
| LDFLAGS="-L$depends_prefix/lib $LDFLAGS"
| 
| CC="i686-w64-mingw32-gcc"
| CXX="i686-w64-mingw32-g++"
| OBJC="${CC}"
| CCACHE=$depends_prefix/native/bin/ccache
| PYTHONPATH=$depends_prefix/native/lib/python/dist-packages:$PYTHONPATH
| 
| if test -n "i686-w64-mingw32-ar"; then
|   AR=i686-w64-mingw32-ar
|   ac_cv_path_ac_pt_AR=${AR}
| fi
| 
| if test -n "i686-w64-mingw32-ranlib"; then
|   RANLIB=i686-w64-mingw32-ranlib
|   ac_cv_path_ac_pt_RANLIB=${RANLIB}
| fi
| 
| if test -n "i686-w64-mingw32-nm"; then
|   NM=i686-w64-mingw32-nm
|   ac_cv_path_ac_pt_NM=${NM}
| fi
| 
| if test -n ""; then
|   enable_reduce_exports=no
| fi
| 
| if test -n "-pipe -O2"; then
|   CFLAGS="-pipe -O2 $CFLAGS"
| fi
| if test -n "-pipe -O2"; then
|   CXXFLAGS="-pipe -O2 $CXXFLAGS"
| fi
| if test -n ""; then
|   CPPFLAGS=" $CPPFLAGS"
| fi
| if test -n ""; then
|   LDFLAGS=" $LDFLAGS"
| fi
configure:2286: checking whether make supports nested variables
configure:2303: result: yes
configure:2365: checking for a BSD-compatible install
configure:2433: result: /usr/bin/install -c
configure:2444: checking whether build environment is sane
configure:2499: result: yes
configure:2558: checking for i686-w64-mingw32-strip
configure:2574: found /usr/bin/i686-w64-mingw32-strip
configure:2585: result: i686-w64-mingw32-strip
configure:2650: checking for a thread-safe mkdir -p
configure:2689: result: /bin/mkdir -p
configure:2696: checking for gawk
configure:2712: found /usr/bin/gawk
configure:2723: result: gawk
configure:2734: checking whether make sets $(MAKE)
configure:2756: result: yes
configure:2934: checking build system type
configure:2948: result: x86_64-pc-linux-gnu
configure:2968: checking host system type
configure:2981: result: i686-w64-mingw32
configure:3022: checking how to print strings
configure:3049: result: printf
configure:3082: checking for style of include used by make
configure:3110: result: GNU
configure:3141: checking for i686-w64-mingw32-gcc
configure:3168: result: i686-w64-mingw32-gcc
configure:3437: checking for C compiler version
configure:3446: i686-w64-mingw32-gcc --version >&5
i686-w64-mingw32-gcc (GCC) 7.3-posix 20180312
Copyright (C) 2017 Free Software Foundation, Inc.
This is free software; see the source for copying conditions.  There is NO
warranty; not even for MERCHANTABILITY or FITNESS FOR A PARTICULAR PURPOSE.

configure:3457: $? = 0
configure:3446: i686-w64-mingw32-gcc -v >&5
Using built-in specs.
COLLECT_GCC=i686-w64-mingw32-gcc
COLLECT_LTO_WRAPPER=/usr/lib/gcc/i686-w64-mingw32/7.3-posix/lto-wrapper
Target: i686-w64-mingw32
Configured with: ../../src/configure --build=x86_64-linux-gnu --prefix=/usr --includedir='/usr/include' --mandir='/usr/share/man' --infodir='/usr/share/info' --sysconfdir=/etc --localstatedir=/var --disable-silent-rules --libdir='/usr/lib/x86_64-linux-gnu' --libexecdir='/usr/lib/x86_64-linux-gnu' --disable-maintainer-mode --disable-dependency-tracking --prefix=/usr --enable-shared --enable-static --disable-multilib --with-system-zlib --libexecdir=/usr/lib --without-included-gettext --libdir=/usr/lib --enable-libstdcxx-time=yes --with-tune=generic --with-headers=/usr/i686-w64-mingw32/include --enable-version-specific-runtime-libs --enable-fully-dynamic-string --enable-libgomp --enable-languages=c,c++,fortran,objc,obj-c++,ada --enable-lto --with-plugin-ld --enable-threads=posix --program-suffix=-posix --program-prefix=i686-w64-mingw32- --target=i686-w64-mingw32 --with-as=/usr/bin/i686-w64-mingw32-as --with-ld=/usr/bin/i686-w64-mingw32-ld --enable-libatomic --enable-libstdcxx-filesystem-ts=yes
Thread model: posix
gcc version 7.3-posix 20180312 (GCC) 
configure:3457: $? = 0
configure:3446: i686-w64-mingw32-gcc -V >&5
i686-w64-mingw32-gcc: error: unrecognized command line option '-V'
i686-w64-mingw32-gcc: fatal error: no input files
compilation terminated.
configure:3457: $? = 1
configure:3446: i686-w64-mingw32-gcc -qversion >&5
i686-w64-mingw32-gcc: error: unrecognized command line option '-qversion'; did you mean '--version'?
i686-w64-mingw32-gcc: fatal error: no input files
compilation terminated.
configure:3457: $? = 1
configure:3477: checking whether the C compiler works
configure:3499: i686-w64-mingw32-gcc -pipe -O2  -I/mnt/c/git/repo/placeh/depends/i686-w64-mingw32/share/../include/  -L/mnt/c/git/repo/placeh/depends/i686-w64-mingw32/share/../lib  conftest.c  >&5
configure:3503: $? = 0
configure:3551: result: yes
configure:3554: checking for C compiler default output file name
configure:3556: result: a.exe
configure:3562: checking for suffix of executables
configure:3569: i686-w64-mingw32-gcc -o conftest.exe -pipe -O2  -I/mnt/c/git/repo/placeh/depends/i686-w64-mingw32/share/../include/  -L/mnt/c/git/repo/placeh/depends/i686-w64-mingw32/share/../lib  conftest.c  >&5
configure:3573: $? = 0
configure:3595: result: .exe
configure:3617: checking whether we are cross compiling
configure:3625: i686-w64-mingw32-gcc -o conftest.exe -pipe -O2  -I/mnt/c/git/repo/placeh/depends/i686-w64-mingw32/share/../include/  -L/mnt/c/git/repo/placeh/depends/i686-w64-mingw32/share/../lib  conftest.c  >&5
configure:3629: $? = 0
configure:3636: ./conftest.exe
configure:3640: $? = 0
configure:3655: result: no
configure:3660: checking for suffix of object files
configure:3682: i686-w64-mingw32-gcc -c -pipe -O2  -I/mnt/c/git/repo/placeh/depends/i686-w64-mingw32/share/../include/  conftest.c >&5
configure:3686: $? = 0
configure:3707: result: o
configure:3711: checking whether we are using the GNU C compiler
configure:3730: i686-w64-mingw32-gcc -c -pipe -O2  -I/mnt/c/git/repo/placeh/depends/i686-w64-mingw32/share/../include/  conftest.c >&5
configure:3730: $? = 0
configure:3739: result: yes
configure:3748: checking whether i686-w64-mingw32-gcc accepts -g
configure:3768: i686-w64-mingw32-gcc -c -g -I/mnt/c/git/repo/placeh/depends/i686-w64-mingw32/share/../include/  conftest.c >&5
configure:3768: $? = 0
configure:3809: result: yes
configure:3826: checking for i686-w64-mingw32-gcc option to accept ISO C89
configure:3889: i686-w64-mingw32-gcc  -c -pipe -O2  -I/mnt/c/git/repo/placeh/depends/i686-w64-mingw32/share/../include/  conftest.c >&5
configure:3889: $? = 0
configure:3902: result: none needed
configure:3927: checking whether i686-w64-mingw32-gcc understands -c and -o together
configure:3949: i686-w64-mingw32-gcc -c conftest.c -o conftest2.o
configure:3952: $? = 0
configure:3949: i686-w64-mingw32-gcc -c conftest.c -o conftest2.o
configure:3952: $? = 0
configure:3964: result: yes
configure:3983: checking dependency style of i686-w64-mingw32-gcc
configure:4094: result: gcc3
configure:4109: checking for a sed that does not truncate output
configure:4173: result: /bin/sed
configure:4191: checking for grep that handles long lines and -e
configure:4249: result: /bin/grep
configure:4254: checking for egrep
configure:4316: result: /bin/grep -E
configure:4321: checking for fgrep
configure:4383: result: /bin/grep -F
configure:4418: checking for ld used by i686-w64-mingw32-gcc
configure:4485: result: /usr/bin/i686-w64-mingw32-ld
configure:4492: checking if the linker (/usr/bin/i686-w64-mingw32-ld) is GNU ld
configure:4507: result: yes
configure:4519: checking for BSD- or MS-compatible name lister (nm)
configure:4573: result: i686-w64-mingw32-nm
configure:4703: checking the name lister (i686-w64-mingw32-nm) interface
configure:4710: i686-w64-mingw32-gcc -c -pipe -O2  -I/mnt/c/git/repo/placeh/depends/i686-w64-mingw32/share/../include/  conftest.c >&5
configure:4713: i686-w64-mingw32-nm "conftest.o"
configure:4716: output
00000000 b .bss
00000000 d .data
00000000 r .rdata$zzz
00000000 t .text
00000000 B _some_variable
configure:4723: result: BSD nm
configure:4726: checking whether ln -s works
configure:4730: result: yes
configure:4738: checking the maximum length of command line arguments
configure:4869: result: 1572864
configure:4917: checking how to convert x86_64-pc-linux-gnu file names to i686-w64-mingw32 format
configure:4957: result: func_convert_file_nix_to_w32
configure:4964: checking how to convert x86_64-pc-linux-gnu file names to toolchain format
configure:4984: result: func_convert_file_noop
configure:4991: checking for /usr/bin/i686-w64-mingw32-ld option to reload object files
configure:4998: result: -r
configure:5032: checking for i686-w64-mingw32-objdump
configure:5048: found /usr/bin/i686-w64-mingw32-objdump
configure:5059: result: i686-w64-mingw32-objdump
configure:5131: checking how to recognize dependent libraries
configure:5331: result: file_magic ^x86 archive import|^x86 DLL
configure:5376: checking for i686-w64-mingw32-dlltool
configure:5392: found /usr/bin/i686-w64-mingw32-dlltool
configure:5403: result: i686-w64-mingw32-dlltool
configure:5476: checking how to associate runtime and link libraries
configure:5503: result: func_cygming_dll_for_implib
configure:5520: checking for i686-w64-mingw32-ar
configure:5547: result: i686-w64-mingw32-ar
configure:5628: checking for archiver @FILE support
configure:5645: i686-w64-mingw32-gcc -c -pipe -O2  -I/mnt/c/git/repo/placeh/depends/i686-w64-mingw32/share/../include/  conftest.c >&5
configure:5645: $? = 0
configure:5648: i686-w64-mingw32-ar cru libconftest.a @conftest.lst >&5
i686-w64-mingw32-ar: `u' modifier ignored since `D' is the default (see `U')
configure:5651: $? = 0
configure:5656: i686-w64-mingw32-ar cru libconftest.a @conftest.lst >&5
i686-w64-mingw32-ar: `u' modifier ignored since `D' is the default (see `U')
i686-w64-mingw32-ar: conftest.o: No such file or directory
configure:5659: $? = 1
configure:5671: result: @
configure:5689: checking for i686-w64-mingw32-strip
configure:5716: result: i686-w64-mingw32-strip
configure:5788: checking for i686-w64-mingw32-ranlib
configure:5815: result: i686-w64-mingw32-ranlib
configure:5957: checking command to parse i686-w64-mingw32-nm output from i686-w64-mingw32-gcc object
configure:6110: i686-w64-mingw32-gcc -c -pipe -O2  -I/mnt/c/git/repo/placeh/depends/i686-w64-mingw32/share/../include/  conftest.c >&5
configure:6113: $? = 0
configure:6117: i686-w64-mingw32-nm conftest.o \| sed -n -e 's/^.*[ ]\([ABCDGIRSTW][ABCDGIRSTW]*\)[ ][ ]*\([_A-Za-z][_A-Za-z0-9]*\)$/\1 \2 \2/p' | sed '/ __gnu_lto/d' \> conftest.nm
configure:6120: $? = 0
cannot find nm_test_var in conftest.nm
configure:6110: i686-w64-mingw32-gcc -c -pipe -O2  -I/mnt/c/git/repo/placeh/depends/i686-w64-mingw32/share/../include/  conftest.c >&5
configure:6113: $? = 0
configure:6117: i686-w64-mingw32-nm conftest.o \| sed -n -e 's/^.*[ ]\([ABCDGIRSTW][ABCDGIRSTW]*\)[ ][ ]*_\([_A-Za-z][_A-Za-z0-9]*\)$/\1 _\2 \2/p' | sed '/ __gnu_lto/d' \> conftest.nm
configure:6120: $? = 0
configure:6186: i686-w64-mingw32-gcc -o conftest.exe -pipe -O2  -I/mnt/c/git/repo/placeh/depends/i686-w64-mingw32/share/../include/  -L/mnt/c/git/repo/placeh/depends/i686-w64-mingw32/share/../lib  conftest.c conftstm.o >&5
configure:6189: $? = 0
configure:6227: result: ok
configure:6274: checking for sysroot
configure:6304: result: no
configure:6311: checking for a working dd
configure:6349: result: /bin/dd
configure:6353: checking how to truncate binary pipes
configure:6368: result: /bin/dd bs=4096 count=1
configure:6657: checking for i686-w64-mingw32-mt
configure:6687: result: no
configure:6697: checking for mt
configure:6713: found /bin/mt
configure:6724: result: mt
configure:6747: checking if mt is a manifest tool
configure:6753: mt '-?'
configure:6761: result: no
configure:7438: checking how to run the C preprocessor
configure:7469: i686-w64-mingw32-gcc -E -I/mnt/c/git/repo/placeh/depends/i686-w64-mingw32/share/../include/  conftest.c
configure:7469: $? = 0
configure:7483: i686-w64-mingw32-gcc -E -I/mnt/c/git/repo/placeh/depends/i686-w64-mingw32/share/../include/  conftest.c
conftest.c:11:10: fatal error: ac_nonexistent.h: No such file or directory
 #include <ac_nonexistent.h>
          ^~~~~~~~~~~~~~~~~~
compilation terminated.
configure:7483: $? = 1
configure: failed program was:
| /* confdefs.h */
| #define PACKAGE_NAME "univalue"
| #define PACKAGE_TARNAME "univalue"
| #define PACKAGE_VERSION "1.0.2"
| #define PACKAGE_STRING "univalue 1.0.2"
| #define PACKAGE_BUGREPORT "http://github.com/jgarzik/univalue/"
| #define PACKAGE_URL ""
| #define PACKAGE "univalue"
| #define VERSION "1.0.2"
| /* end confdefs.h.  */
| #include <ac_nonexistent.h>
configure:7508: result: i686-w64-mingw32-gcc -E
configure:7528: i686-w64-mingw32-gcc -E -I/mnt/c/git/repo/placeh/depends/i686-w64-mingw32/share/../include/  conftest.c
configure:7528: $? = 0
configure:7542: i686-w64-mingw32-gcc -E -I/mnt/c/git/repo/placeh/depends/i686-w64-mingw32/share/../include/  conftest.c
conftest.c:11:10: fatal error: ac_nonexistent.h: No such file or directory
 #include <ac_nonexistent.h>
          ^~~~~~~~~~~~~~~~~~
compilation terminated.
configure:7542: $? = 1
configure: failed program was:
| /* confdefs.h */
| #define PACKAGE_NAME "univalue"
| #define PACKAGE_TARNAME "univalue"
| #define PACKAGE_VERSION "1.0.2"
| #define PACKAGE_STRING "univalue 1.0.2"
| #define PACKAGE_BUGREPORT "http://github.com/jgarzik/univalue/"
| #define PACKAGE_URL ""
| #define PACKAGE "univalue"
| #define VERSION "1.0.2"
| /* end confdefs.h.  */
| #include <ac_nonexistent.h>
configure:7571: checking for ANSI C header files
configure:7591: i686-w64-mingw32-gcc -c -pipe -O2  -I/mnt/c/git/repo/placeh/depends/i686-w64-mingw32/share/../include/  conftest.c >&5
configure:7591: $? = 0
configure:7664: i686-w64-mingw32-gcc -o conftest.exe -pipe -O2  -I/mnt/c/git/repo/placeh/depends/i686-w64-mingw32/share/../include/  -L/mnt/c/git/repo/placeh/depends/i686-w64-mingw32/share/../lib  conftest.c  >&5
configure:7664: $? = 0
configure:7664: ./conftest.exe
configure:7664: $? = 0
configure:7675: result: yes
configure:7688: checking for sys/types.h
configure:7688: i686-w64-mingw32-gcc -c -pipe -O2  -I/mnt/c/git/repo/placeh/depends/i686-w64-mingw32/share/../include/  conftest.c >&5
configure:7688: $? = 0
configure:7688: result: yes
configure:7688: checking for sys/stat.h
configure:7688: i686-w64-mingw32-gcc -c -pipe -O2  -I/mnt/c/git/repo/placeh/depends/i686-w64-mingw32/share/../include/  conftest.c >&5
configure:7688: $? = 0
configure:7688: result: yes
configure:7688: checking for stdlib.h
configure:7688: i686-w64-mingw32-gcc -c -pipe -O2  -I/mnt/c/git/repo/placeh/depends/i686-w64-mingw32/share/../include/  conftest.c >&5
configure:7688: $? = 0
configure:7688: result: yes
configure:7688: checking for string.h
configure:7688: i686-w64-mingw32-gcc -c -pipe -O2  -I/mnt/c/git/repo/placeh/depends/i686-w64-mingw32/share/../include/  conftest.c >&5
configure:7688: $? = 0
configure:7688: result: yes
configure:7688: checking for memory.h
configure:7688: i686-w64-mingw32-gcc -c -pipe -O2  -I/mnt/c/git/repo/placeh/depends/i686-w64-mingw32/share/../include/  conftest.c >&5
configure:7688: $? = 0
configure:7688: result: yes
configure:7688: checking for strings.h
configure:7688: i686-w64-mingw32-gcc -c -pipe -O2  -I/mnt/c/git/repo/placeh/depends/i686-w64-mingw32/share/../include/  conftest.c >&5
configure:7688: $? = 0
configure:7688: result: yes
configure:7688: checking for inttypes.h
configure:7688: i686-w64-mingw32-gcc -c -pipe -O2  -I/mnt/c/git/repo/placeh/depends/i686-w64-mingw32/share/../include/  conftest.c >&5
configure:7688: $? = 0
configure:7688: result: yes
configure:7688: checking for stdint.h
configure:7688: i686-w64-mingw32-gcc -c -pipe -O2  -I/mnt/c/git/repo/placeh/depends/i686-w64-mingw32/share/../include/  conftest.c >&5
configure:7688: $? = 0
configure:7688: result: yes
configure:7688: checking for unistd.h
configure:7688: i686-w64-mingw32-gcc -c -pipe -O2  -I/mnt/c/git/repo/placeh/depends/i686-w64-mingw32/share/../include/  conftest.c >&5
configure:7688: $? = 0
configure:7688: result: yes
configure:7702: checking for dlfcn.h
configure:7702: i686-w64-mingw32-gcc -c -pipe -O2  -I/mnt/c/git/repo/placeh/depends/i686-w64-mingw32/share/../include/  conftest.c >&5
conftest.c:55:10: fatal error: dlfcn.h: No such file or directory
 #include <dlfcn.h>
          ^~~~~~~~~
compilation terminated.
configure:7702: $? = 1
configure: failed program was:
| /* confdefs.h */
| #define PACKAGE_NAME "univalue"
| #define PACKAGE_TARNAME "univalue"
| #define PACKAGE_VERSION "1.0.2"
| #define PACKAGE_STRING "univalue 1.0.2"
| #define PACKAGE_BUGREPORT "http://github.com/jgarzik/univalue/"
| #define PACKAGE_URL ""
| #define PACKAGE "univalue"
| #define VERSION "1.0.2"
| #define STDC_HEADERS 1
| #define HAVE_SYS_TYPES_H 1
| #define HAVE_SYS_STAT_H 1
| #define HAVE_STDLIB_H 1
| #define HAVE_STRING_H 1
| #define HAVE_MEMORY_H 1
| #define HAVE_STRINGS_H 1
| #define HAVE_INTTYPES_H 1
| #define HAVE_STDINT_H 1
| #define HAVE_UNISTD_H 1
| /* end confdefs.h.  */
| #include <stdio.h>
| #ifdef HAVE_SYS_TYPES_H
| # include <sys/types.h>
| #endif
| #ifdef HAVE_SYS_STAT_H
| # include <sys/stat.h>
| #endif
| #ifdef STDC_HEADERS
| # include <stdlib.h>
| # include <stddef.h>
| #else
| # ifdef HAVE_STDLIB_H
| #  include <stdlib.h>
| # endif
| #endif
| #ifdef HAVE_STRING_H
| # if !defined STDC_HEADERS && defined HAVE_MEMORY_H
| #  include <memory.h>
| # endif
| # include <string.h>
| #endif
| #ifdef HAVE_STRINGS_H
| # include <strings.h>
| #endif
| #ifdef HAVE_INTTYPES_H
| # include <inttypes.h>
| #endif
| #ifdef HAVE_STDINT_H
| # include <stdint.h>
| #endif
| #ifdef HAVE_UNISTD_H
| # include <unistd.h>
| #endif
| 
| #include <dlfcn.h>
configure:7702: result: no
configure:7958: checking for objdir
configure:7973: result: .libs
configure:8237: checking if i686-w64-mingw32-gcc supports -fno-rtti -fno-exceptions
configure:8255: i686-w64-mingw32-gcc -c -pipe -O2  -I/mnt/c/git/repo/placeh/depends/i686-w64-mingw32/share/../include/  -fno-rtti -fno-exceptions conftest.c >&5
cc1: warning: command line option '-fno-rtti' is valid for C++/ObjC++ but not for C
configure:8259: $? = 0
configure:8272: result: no
configure:8630: checking for i686-w64-mingw32-gcc option to produce PIC
configure:8637: result: -DDLL_EXPORT -DPIC
configure:8645: checking if i686-w64-mingw32-gcc PIC flag -DDLL_EXPORT -DPIC works
configure:8663: i686-w64-mingw32-gcc -c -pipe -O2  -I/mnt/c/git/repo/placeh/depends/i686-w64-mingw32/share/../include/  -DDLL_EXPORT -DPIC -DPIC conftest.c >&5
configure:8667: $? = 0
configure:8680: result: yes
configure:8709: checking if i686-w64-mingw32-gcc static flag -static works
configure:8737: result: yes
configure:8752: checking if i686-w64-mingw32-gcc supports -c -o file.o
configure:8773: i686-w64-mingw32-gcc -c -pipe -O2  -I/mnt/c/git/repo/placeh/depends/i686-w64-mingw32/share/../include/  -o out/conftest2.o conftest.c >&5
configure:8777: $? = 0
configure:8799: result: yes
configure:8807: checking if i686-w64-mingw32-gcc supports -c -o file.o
configure:8854: result: yes
configure:8887: checking whether the i686-w64-mingw32-gcc linker (/usr/bin/i686-w64-mingw32-ld) supports shared libraries
configure:10150: result: yes
configure:10390: checking dynamic linker characteristics
configure:11220: result: Win32 ld.exe
configure:11342: checking how to hardcode library paths into programs
configure:11367: result: immediate
configure:11915: checking whether stripping libraries is possible
configure:11920: result: yes
configure:11955: checking if libtool supports shared libraries
configure:11957: result: yes
configure:11960: checking whether to build shared libraries
configure:11985: result: no
configure:11988: checking whether to build static libraries
configure:11992: result: yes
configure:12141: checking for C++ compiler version
configure:12150: i686-w64-mingw32-g++ --version >&5
i686-w64-mingw32-g++ (GCC) 7.3-posix 20180312
Copyright (C) 2017 Free Software Foundation, Inc.
This is free software; see the source for copying conditions.  There is NO
warranty; not even for MERCHANTABILITY or FITNESS FOR A PARTICULAR PURPOSE.

configure:12161: $? = 0
configure:12150: i686-w64-mingw32-g++ -v >&5
Using built-in specs.
COLLECT_GCC=i686-w64-mingw32-g++
COLLECT_LTO_WRAPPER=/usr/lib/gcc/i686-w64-mingw32/7.3-posix/lto-wrapper
Target: i686-w64-mingw32
Configured with: ../../src/configure --build=x86_64-linux-gnu --prefix=/usr --includedir='/usr/include' --mandir='/usr/share/man' --infodir='/usr/share/info' --sysconfdir=/etc --localstatedir=/var --disable-silent-rules --libdir='/usr/lib/x86_64-linux-gnu' --libexecdir='/usr/lib/x86_64-linux-gnu' --disable-maintainer-mode --disable-dependency-tracking --prefix=/usr --enable-shared --enable-static --disable-multilib --with-system-zlib --libexecdir=/usr/lib --without-included-gettext --libdir=/usr/lib --enable-libstdcxx-time=yes --with-tune=generic --with-headers=/usr/i686-w64-mingw32/include --enable-version-specific-runtime-libs --enable-fully-dynamic-string --enable-libgomp --enable-languages=c,c++,fortran,objc,obj-c++,ada --enable-lto --with-plugin-ld --enable-threads=posix --program-suffix=-posix --program-prefix=i686-w64-mingw32- --target=i686-w64-mingw32 --with-as=/usr/bin/i686-w64-mingw32-as --with-ld=/usr/bin/i686-w64-mingw32-ld --enable-libatomic --enable-libstdcxx-filesystem-ts=yes
Thread model: posix
gcc version 7.3-posix 20180312 (GCC) 
configure:12161: $? = 0
configure:12150: i686-w64-mingw32-g++ -V >&5
i686-w64-mingw32-g++: error: unrecognized command line option '-V'
i686-w64-mingw32-g++: fatal error: no input files
compilation terminated.
configure:12161: $? = 1
configure:12150: i686-w64-mingw32-g++ -qversion >&5
i686-w64-mingw32-g++: error: unrecognized command line option '-qversion'; did you mean '--version'?
i686-w64-mingw32-g++: fatal error: no input files
compilation terminated.
configure:12161: $? = 1
configure:12165: checking whether we are using the GNU C++ compiler
configure:12184: i686-w64-mingw32-g++ -c -pipe -O2  -I/mnt/c/git/repo/placeh/depends/i686-w64-mingw32/share/../include/  conftest.cpp >&5
configure:12184: $? = 0
configure:12193: result: yes
configure:12202: checking whether i686-w64-mingw32-g++ accepts -g
configure:12222: i686-w64-mingw32-g++ -c -g -I/mnt/c/git/repo/placeh/depends/i686-w64-mingw32/share/../include/  conftest.cpp >&5
configure:12222: $? = 0
configure:12263: result: yes
configure:12288: checking dependency style of i686-w64-mingw32-g++
configure:12399: result: gcc3
configure:12433: checking how to run the C++ preprocessor
configure:12460: i686-w64-mingw32-g++ -E -I/mnt/c/git/repo/placeh/depends/i686-w64-mingw32/share/../include/  conftest.cpp
configure:12460: $? = 0
configure:12474: i686-w64-mingw32-g++ -E -I/mnt/c/git/repo/placeh/depends/i686-w64-mingw32/share/../include/  conftest.cpp
conftest.cpp:22:10: fatal error: ac_nonexistent.h: No such file or directory
 #include <ac_nonexistent.h>
          ^~~~~~~~~~~~~~~~~~
compilation terminated.
configure:12474: $? = 1
configure: failed program was:
| /* confdefs.h */
| #define PACKAGE_NAME "univalue"
| #define PACKAGE_TARNAME "univalue"
| #define PACKAGE_VERSION "1.0.2"
| #define PACKAGE_STRING "univalue 1.0.2"
| #define PACKAGE_BUGREPORT "http://github.com/jgarzik/univalue/"
| #define PACKAGE_URL ""
| #define PACKAGE "univalue"
| #define VERSION "1.0.2"
| #define STDC_HEADERS 1
| #define HAVE_SYS_TYPES_H 1
| #define HAVE_SYS_STAT_H 1
| #define HAVE_STDLIB_H 1
| #define HAVE_STRING_H 1
| #define HAVE_MEMORY_H 1
| #define HAVE_STRINGS_H 1
| #define HAVE_INTTYPES_H 1
| #define HAVE_STDINT_H 1
| #define HAVE_UNISTD_H 1
| #define LT_OBJDIR ".libs/"
| /* end confdefs.h.  */
| #include <ac_nonexistent.h>
configure:12499: result: i686-w64-mingw32-g++ -E
configure:12519: i686-w64-mingw32-g++ -E -I/mnt/c/git/repo/placeh/depends/i686-w64-mingw32/share/../include/  conftest.cpp
configure:12519: $? = 0
configure:12533: i686-w64-mingw32-g++ -E -I/mnt/c/git/repo/placeh/depends/i686-w64-mingw32/share/../include/  conftest.cpp
conftest.cpp:22:10: fatal error: ac_nonexistent.h: No such file or directory
 #include <ac_nonexistent.h>
          ^~~~~~~~~~~~~~~~~~
compilation terminated.
configure:12533: $? = 1
configure: failed program was:
| /* confdefs.h */
| #define PACKAGE_NAME "univalue"
| #define PACKAGE_TARNAME "univalue"
| #define PACKAGE_VERSION "1.0.2"
| #define PACKAGE_STRING "univalue 1.0.2"
| #define PACKAGE_BUGREPORT "http://github.com/jgarzik/univalue/"
| #define PACKAGE_URL ""
| #define PACKAGE "univalue"
| #define VERSION "1.0.2"
| #define STDC_HEADERS 1
| #define HAVE_SYS_TYPES_H 1
| #define HAVE_SYS_STAT_H 1
| #define HAVE_STDLIB_H 1
| #define HAVE_STRING_H 1
| #define HAVE_MEMORY_H 1
| #define HAVE_STRINGS_H 1
| #define HAVE_INTTYPES_H 1
| #define HAVE_STDINT_H 1
| #define HAVE_UNISTD_H 1
| #define LT_OBJDIR ".libs/"
| /* end confdefs.h.  */
| #include <ac_nonexistent.h>
configure:12695: checking for ld used by i686-w64-mingw32-g++
configure:12762: result: /usr/bin/i686-w64-mingw32-ld
configure:12769: checking if the linker (/usr/bin/i686-w64-mingw32-ld) is GNU ld
configure:12784: result: yes
configure:12839: checking whether the i686-w64-mingw32-g++ linker (/usr/bin/i686-w64-mingw32-ld) supports shared libraries
configure:13912: result: yes
configure:13948: i686-w64-mingw32-g++ -c -pipe -O2  -I/mnt/c/git/repo/placeh/depends/i686-w64-mingw32/share/../include/  conftest.cpp >&5
configure:13951: $? = 0
configure:14432: checking for i686-w64-mingw32-g++ option to produce PIC
configure:14439: result: -DDLL_EXPORT -DPIC
configure:14447: checking if i686-w64-mingw32-g++ PIC flag -DDLL_EXPORT -DPIC works
configure:14465: i686-w64-mingw32-g++ -c -pipe -O2  -I/mnt/c/git/repo/placeh/depends/i686-w64-mingw32/share/../include/  -DDLL_EXPORT -DPIC -DPIC conftest.cpp >&5
configure:14469: $? = 0
configure:14482: result: yes
configure:14505: checking if i686-w64-mingw32-g++ static flag -static works
configure:14533: result: yes
configure:14545: checking if i686-w64-mingw32-g++ supports -c -o file.o
configure:14566: i686-w64-mingw32-g++ -c -pipe -O2  -I/mnt/c/git/repo/placeh/depends/i686-w64-mingw32/share/../include/  -o out/conftest2.o conftest.cpp >&5
configure:14570: $? = 0
configure:14592: result: yes
configure:14597: checking if i686-w64-mingw32-g++ supports -c -o file.o
configure:14644: result: yes
configure:14674: checking whether the i686-w64-mingw32-g++ linker (/usr/bin/i686-w64-mingw32-ld) supports shared libraries
configure:14717: result: yes
configure:14858: checking dynamic linker characteristics
configure:15615: result: Win32 ld.exe
configure:15680: checking how to hardcode library paths into programs
configure:15705: result: immediate
configure:15873: checking that generated files are newer than configure
configure:15879: result: done
configure:15906: creating ./config.status

## ---------------------- ##
## Running config.status. ##
## ---------------------- ##

This file was extended by univalue config.status 1.0.2, which was
generated by GNU Autoconf 2.69.  Invocation command line was

  CONFIG_FILES    = 
  CONFIG_HEADERS  = 
  CONFIG_LINKS    = 
  CONFIG_COMMANDS = 
  $ ./config.status 

on DESKTOP-M1AB62M

config.status:1172: creating Makefile
config.status:1172: creating pc/libunivalue.pc
config.status:1172: creating pc/libunivalue-uninstalled.pc
config.status:1172: creating univalue-config.h
config.status:1353: univalue-config.h is unchanged
config.status:1401: executing depfiles commands
config.status:1401: executing libtool commands

## ---------------- ##
## Cache variables. ##
## ---------------- ##

ac_cv_build=x86_64-pc-linux-gnu
ac_cv_c_compiler_gnu=yes
ac_cv_cxx_compiler_gnu=yes
ac_cv_env_CCC_set=
ac_cv_env_CCC_value=
ac_cv_env_CC_set=
ac_cv_env_CC_value=
ac_cv_env_CFLAGS_set=
ac_cv_env_CFLAGS_value=
ac_cv_env_CPPFLAGS_set=
ac_cv_env_CPPFLAGS_value=
ac_cv_env_CPP_set=
ac_cv_env_CPP_value=
ac_cv_env_CXXCPP_set=
ac_cv_env_CXXCPP_value=
ac_cv_env_CXXFLAGS_set=
ac_cv_env_CXXFLAGS_value=
ac_cv_env_CXX_set=
ac_cv_env_CXX_value=
ac_cv_env_LDFLAGS_set=
ac_cv_env_LDFLAGS_value=
ac_cv_env_LIBS_set=
ac_cv_env_LIBS_value=
ac_cv_env_LT_SYS_LIBRARY_PATH_set=
ac_cv_env_LT_SYS_LIBRARY_PATH_value=
ac_cv_env_build_alias_set=
ac_cv_env_build_alias_value=
ac_cv_env_host_alias_set=
ac_cv_env_host_alias_value=
ac_cv_env_target_alias_set=
ac_cv_env_target_alias_value=
ac_cv_exeext=.exe
ac_cv_header_dlfcn_h=no
ac_cv_header_inttypes_h=yes
ac_cv_header_memory_h=yes
ac_cv_header_stdc=yes
ac_cv_header_stdint_h=yes
ac_cv_header_stdlib_h=yes
ac_cv_header_string_h=yes
ac_cv_header_strings_h=yes
ac_cv_header_sys_stat_h=yes
ac_cv_header_sys_types_h=yes
ac_cv_header_unistd_h=yes
ac_cv_host=i686-w64-mingw32
ac_cv_objext=o
ac_cv_path_EGREP='/bin/grep -E'
ac_cv_path_FGREP='/bin/grep -F'
ac_cv_path_GREP=/bin/grep
ac_cv_path_SED=/bin/sed
ac_cv_path_ac_pt_AR=i686-w64-mingw32-ar
ac_cv_path_ac_pt_NM=i686-w64-mingw32-nm
ac_cv_path_ac_pt_RANLIB=i686-w64-mingw32-ranlib
ac_cv_path_install='/usr/bin/install -c'
ac_cv_path_lt_DD=/bin/dd
ac_cv_path_mkdir=/bin/mkdir
ac_cv_prog_AR=i686-w64-mingw32-ar
ac_cv_prog_AWK=gawk
ac_cv_prog_CC=i686-w64-mingw32-gcc
ac_cv_prog_CPP='i686-w64-mingw32-gcc -E'
ac_cv_prog_CXXCPP='i686-w64-mingw32-g++ -E'
ac_cv_prog_DLLTOOL=i686-w64-mingw32-dlltool
ac_cv_prog_OBJDUMP=i686-w64-mingw32-objdump
ac_cv_prog_RANLIB=i686-w64-mingw32-ranlib
ac_cv_prog_STRIP=i686-w64-mingw32-strip
ac_cv_prog_ac_ct_MANIFEST_TOOL=mt
ac_cv_prog_cc_c89=
ac_cv_prog_cc_g=yes
ac_cv_prog_cxx_g=yes
ac_cv_prog_make_make_set=yes
am_cv_CC_dependencies_compiler_type=gcc3
am_cv_CXX_dependencies_compiler_type=gcc3
am_cv_make_support_nested_variables=yes
am_cv_prog_cc_c_o=yes
lt_cv_ar_at_file=@
lt_cv_deplibs_check_method='file_magic ^x86 archive import|^x86 DLL'
lt_cv_file_magic_cmd=func_win32_libid
lt_cv_file_magic_test_file=
lt_cv_ld_reload_flag=-r
lt_cv_nm_interface='BSD nm'
lt_cv_objdir=.libs
lt_cv_path_LD=/usr/bin/i686-w64-mingw32-ld
lt_cv_path_LDCXX=/usr/bin/i686-w64-mingw32-ld
lt_cv_path_NM=i686-w64-mingw32-nm
lt_cv_path_mainfest_tool=no
lt_cv_prog_compiler_c_o=yes
lt_cv_prog_compiler_c_o_CXX=yes
lt_cv_prog_compiler_pic='-DDLL_EXPORT -DPIC'
lt_cv_prog_compiler_pic_CXX='-DDLL_EXPORT -DPIC'
lt_cv_prog_compiler_pic_works=yes
lt_cv_prog_compiler_pic_works_CXX=yes
lt_cv_prog_compiler_rtti_exceptions=no
lt_cv_prog_compiler_static_works=yes
lt_cv_prog_compiler_static_works_CXX=yes
lt_cv_prog_gnu_ld=yes
lt_cv_prog_gnu_ldcxx=yes
lt_cv_sharedlib_from_linklib_cmd=func_cygming_dll_for_implib
lt_cv_sys_global_symbol_pipe='sed -n -e '\''s/^.*[	 ]\([ABCDGIRSTW][ABCDGIRSTW]*\)[	 ][	 ]*_\([_A-Za-z][_A-Za-z0-9]*\)$/\1 _\2 \2/p'\'' | sed '\''/ __gnu_lto/d'\'''
lt_cv_sys_global_symbol_to_c_name_address='sed -n -e '\''s/^: \(.*\) .*$/  {"\1", (void *) 0},/p'\'' -e '\''s/^[ABCDGIRSTW][ABCDGIRSTW]* .* \(.*\)$/  {"\1", (void *) \&\1},/p'\'''
lt_cv_sys_global_symbol_to_c_name_address_lib_prefix='sed -n -e '\''s/^: \(.*\) .*$/  {"\1", (void *) 0},/p'\'' -e '\''s/^[ABCDGIRSTW][ABCDGIRSTW]* .* \(lib.*\)$/  {"\1", (void *) \&\1},/p'\'' -e '\''s/^[ABCDGIRSTW][ABCDGIRSTW]* .* \(.*\)$/  {"lib\1", (void *) \&\1},/p'\'''
lt_cv_sys_global_symbol_to_cdecl='sed -n -e '\''s/^T .* \(.*\)$/extern int \1();/p'\'' -e '\''s/^[ABCDGIRSTW][ABCDGIRSTW]* .* \(.*\)$/extern char \1;/p'\'''
lt_cv_sys_global_symbol_to_import=
lt_cv_sys_max_cmd_len=1572864
lt_cv_to_host_file_cmd=func_convert_file_nix_to_w32
lt_cv_to_tool_file_cmd=func_convert_file_noop
lt_cv_truncate_bin='/bin/dd bs=4096 count=1'

## ----------------- ##
## Output variables. ##
## ----------------- ##

ACLOCAL='${SHELL} /mnt/c/git/repo/placeh/src/univalue/build-aux/missing aclocal-1.15'
AMDEPBACKSLASH='\'
AMDEP_FALSE='#'
AMDEP_TRUE=''
AMTAR='$${TAR-tar}'
AM_BACKSLASH='\'
AM_DEFAULT_V='$(AM_DEFAULT_VERBOSITY)'
AM_DEFAULT_VERBOSITY='0'
AM_V='$(V)'
AR='i686-w64-mingw32-ar'
AUTOCONF='${SHELL} /mnt/c/git/repo/placeh/src/univalue/build-aux/missing autoconf'
AUTOHEADER='${SHELL} /mnt/c/git/repo/placeh/src/univalue/build-aux/missing autoheader'
AUTOMAKE='${SHELL} /mnt/c/git/repo/placeh/src/univalue/build-aux/missing automake-1.15'
AWK='gawk'
BUILD_EXEEXT=''
CC='i686-w64-mingw32-gcc'
CCDEPMODE='depmode=gcc3'
CFLAGS='-pipe -O2 '
CPP='i686-w64-mingw32-gcc -E'
CPPFLAGS='-I/mnt/c/git/repo/placeh/depends/i686-w64-mingw32/share/../include/ '
CXX='i686-w64-mingw32-g++'
CXXCPP='i686-w64-mingw32-g++ -E'
CXXDEPMODE='depmode=gcc3'
CXXFLAGS='-pipe -O2 '
CYGPATH_W='echo'
DEFS='-DHAVE_CONFIG_H'
DEPDIR='.deps'
DLLTOOL='i686-w64-mingw32-dlltool'
DSYMUTIL=''
DUMPBIN=''
ECHO_C=''
ECHO_N='-n'
ECHO_T=''
EGREP='/bin/grep -E'
EXEEXT='.exe'
FGREP='/bin/grep -F'
GREP='/bin/grep'
INSTALL_DATA='${INSTALL} -m 644'
INSTALL_PROGRAM='${INSTALL}'
INSTALL_SCRIPT='${INSTALL}'
INSTALL_STRIP_PROGRAM='$(install_sh) -c -s'
LD='/usr/bin/i686-w64-mingw32-ld'
LDFLAGS='-L/mnt/c/git/repo/placeh/depends/i686-w64-mingw32/share/../lib '
LIBOBJS=''
LIBS=''
LIBTOOL='$(SHELL) $(top_builddir)/libtool'
LIBTOOL_APP_LDFLAGS=' -all-static'
LIBUNIVALUE_AGE='100'
LIBUNIVALUE_CURRENT='100'
LIBUNIVALUE_REVISION='2'
LIPO=''
LN_S='ln -s'
LTLIBOBJS=''
LT_SYS_LIBRARY_PATH=''
MAKEINFO='${SHELL} /mnt/c/git/repo/placeh/src/univalue/build-aux/missing makeinfo'
MANIFEST_TOOL=':'
MKDIR_P='/bin/mkdir -p'
NM='i686-w64-mingw32-nm'
NMEDIT=''
OBJDUMP='i686-w64-mingw32-objdump'
OBJEXT='o'
OTOOL64=''
OTOOL=''
PACKAGE='univalue'
PACKAGE_BUGREPORT='http://github.com/jgarzik/univalue/'
PACKAGE_NAME='univalue'
PACKAGE_STRING='univalue 1.0.2'
PACKAGE_TARNAME='univalue'
PACKAGE_URL=''
PACKAGE_VERSION='1.0.2'
PATH_SEPARATOR=':'
RANLIB='i686-w64-mingw32-ranlib'
SED='/bin/sed'
SET_MAKE=''
SHELL='/bin/bash'
STRIP='i686-w64-mingw32-strip'
VERSION='1.0.2'
ac_ct_AR=''
ac_ct_CC=''
ac_ct_CXX=''
ac_ct_DUMPBIN=''
am__EXEEXT_FALSE='#'
am__EXEEXT_TRUE=''
am__fastdepCC_FALSE='#'
am__fastdepCC_TRUE=''
am__fastdepCXX_FALSE='#'
am__fastdepCXX_TRUE=''
am__include='include'
am__isrc=''
am__leading_dot='.'
am__nodep='_no'
am__quote=''
am__tar='$${TAR-tar} chof - "$$tardir"'
am__untar='$${TAR-tar} xf -'
bindir='${exec_prefix}/bin'
build='x86_64-pc-linux-gnu'
build_alias=''
build_cpu='x86_64'
build_os='linux-gnu'
build_vendor='pc'
datadir='${datarootdir}'
datarootdir='${prefix}/share'
docdir='${datarootdir}/doc/${PACKAGE_TARNAME}'
dvidir='${docdir}'
exec_prefix='${prefix}'
host='i686-w64-mingw32'
host_alias='i686-w64-mingw32'
host_cpu='i686'
host_os='mingw32'
host_vendor='w64'
htmldir='${docdir}'
includedir='${prefix}/include'
infodir='${datarootdir}/info'
install_sh='${SHELL} /mnt/c/git/repo/placeh/src/univalue/build-aux/install-sh'
libdir='${exec_prefix}/lib'
libexecdir='${exec_prefix}/libexec'
localedir='${datarootdir}/locale'
localstatedir='${prefix}/var'
mandir='${datarootdir}/man'
mkdir_p='$(MKDIR_P)'
oldincludedir='/usr/include'
pdfdir='${docdir}'
prefix='/'
program_transform_name='s,x,x,'
psdir='${docdir}'
runstatedir='${localstatedir}/run'
sbindir='${exec_prefix}/sbin'
sharedstatedir='${prefix}/com'
sysconfdir='${prefix}/etc'
target_alias=''

## ----------- ##
## confdefs.h. ##
## ----------- ##

/* confdefs.h */
#define PACKAGE_NAME "univalue"
#define PACKAGE_TARNAME "univalue"
#define PACKAGE_VERSION "1.0.2"
#define PACKAGE_STRING "univalue 1.0.2"
#define PACKAGE_BUGREPORT "http://github.com/jgarzik/univalue/"
#define PACKAGE_URL ""
#define PACKAGE "univalue"
#define VERSION "1.0.2"
#define STDC_HEADERS 1
#define HAVE_SYS_TYPES_H 1
#define HAVE_SYS_STAT_H 1
#define HAVE_STDLIB_H 1
#define HAVE_STRING_H 1
#define HAVE_MEMORY_H 1
#define HAVE_STRINGS_H 1
#define HAVE_INTTYPES_H 1
#define HAVE_STDINT_H 1
#define HAVE_UNISTD_H 1
#define LT_OBJDIR ".libs/"

configure: exit 0
